<?xml version="1.0" encoding="UTF-8"?>
<Site BuildName="(empty)"
	BuildStamp="20211005-1755-Experimental"
	Name="(empty)"
	Generator="ctest-3.20.1"
	CompilerName=""
	CompilerVersion=""
	OSName="Windows"
	Hostname="DESKTOP-0RGIKO8"
	OSRelease=" Personal"
	OSVersion=" (Build 19043)"
	OSPlatform="AMD64"
	Is64Bits="1"
	VendorString="AuthenticAMD"
	VendorID="Advanced Micro Devices"
	FamilyID="15"
	ModelID="2"
	ProcessorCacheSize="80"
	NumberOfLogicalCPU="8"
	NumberOfPhysicalCPU="4"
	TotalVirtualMemory="18769"
	TotalPhysicalMemory="16337"
	LogicalProcessorsPerPhysical="2"
	ProcessorClockFrequency="4018"
	>
	<Testing>
		<StartDateTime>Oct 05 20:49 Paris, Madrid (heure d?[NON-UTF-8-BYTE-0xE9]t[NON-UTF-8-BYTE-0xE9])</StartDateTime>
		<StartTestTime>1633459768</StartTestTime>
		<TestList>
			<Test>./test2</Test>
			<Test>./test1</Test>
		</TestList>
		<Test Status="passed">
			<Name>test2</Name>
			<Path>.</Path>
			<FullName>./test2</FullName>
			<FullCommandLine>E:\Github\NSI_pancake\C++\DocTest_Exemple\build\test2.exe</FullCommandLine>
			<Results>
				<NamedMeasurement type="numeric/double" name="Execution Time">
					<Value>0.0440997</Value>
				</NamedMeasurement>
				<NamedMeasurement type="numeric/double" name="Processors">
					<Value>1</Value>
				</NamedMeasurement>
				<NamedMeasurement type="text/string" name="Completion Status">
					<Value>Completed</Value>
				</NamedMeasurement>
				<NamedMeasurement type="text/string" name="Command Line">
					<Value>E:\Github\NSI_pancake\C++\DocTest_Exemple\build\test2.exe</Value>
				</NamedMeasurement>
				<NamedMeasurement type="text/string" name="Environment">
					<Value>#CTEST_RESOURCE_GROUP_COUNT=</Value>
				</NamedMeasurement>
				<Measurement>
					<Value encoding="base64" compression="gzip">eJyLTslPLkktLolVgDIUylKLijPz8xQyixWUDPWM9CyVuKLhiopK8xTKM0syFJR0dTNScwqUFNLyixTyC0qAOoq5bKkLkOwFuyw5sTi12EoBDIwUamCMgsTi4tQUGN9AIS0xMweZX5ydWVCQmoJkGkhDEdjJxJuGpD24JLGkFKg1ONTZ2TU4WJELAB+oXhU=</Value>
				</Measurement>
			</Results>
		</Test>
		<Test Status="passed">
			<Name>test1</Name>
			<Path>.</Path>
			<FullName>./test1</FullName>
			<FullCommandLine>E:\Github\NSI_pancake\C++\DocTest_Exemple\build\test1.exe</FullCommandLine>
			<Results>
				<NamedMeasurement type="numeric/double" name="Execution Time">
					<Value>3.03303</Value>
				</NamedMeasurement>
				<NamedMeasurement type="numeric/double" name="Processors">
					<Value>1</Value>
				</NamedMeasurement>
				<NamedMeasurement type="text/string" name="Completion Status">
					<Value>Completed</Value>
				</NamedMeasurement>
				<NamedMeasurement type="text/string" name="Command Line">
					<Value>E:\Github\NSI_pancake\C++\DocTest_Exemple\build\test1.exe</Value>
				</NamedMeasurement>
				<NamedMeasurement type="text/string" name="Environment">
					<Value>#CTEST_RESOURCE_GROUP_COUNT=</Value>
				</NamedMeasurement>
				<Measurement>
					<Value encoding="base64" compression="gzip">eJyLTslPLkktLolVgDIUylKLijPz8xQyixWUDPWM9CyVuKLhiopK8xTKM0syFJR0dTNScwqUFNLyixTyC0qAOoq5bKkLkOwFuyw5sTi12EoBDIwUamCMgsTi4tQUGN9AIS0xMweZX5ydWVCQmoJkGkhDEdjJxJuGpD24JLGkFKg1ONTZ2TU4WJELAB+oXhU=</Value>
				</Measurement>
			</Results>
		</Test>
		<EndDateTime>Oct 05 20:49 Paris, Madrid (heure d?[NON-UTF-8-BYTE-0xE9]t[NON-UTF-8-BYTE-0xE9])</EndDateTime>
		<EndTestTime>1633459771</EndTestTime>
		<ElapsedMinutes>0</ElapsedMinutes>
	</Testing>
</Site>
