Start testing: Oct 04 21:52 Paris, Madrid (heure d?été)
----------------------------------------------------------
1/3 Testing: test1
1/3 Test: test1
Command: "E:/Github/NSI_pancake/C++/DocTest_Exemple/build/test1.exe"
Directory: E:/Github/NSI_pancake/C++/DocTest_Exemple/build
"test1" start time: Oct 04 21:52 Paris, Madrid (heure d?été)
Output:
----------------------------------------------------------
[doctest] doctest version is "1.2.9"
[doctest] run with "--help" for options
===============================================================================
[doctest] test cases:      1 |      1 passed |      0 failed |      0 skipped
[doctest] assertions:      1 |      1 passed |      0 failed |
[doctest] Status: SUCCESS!
<end of output>
Test time =   1.06 sec
----------------------------------------------------------
Test Passed.
"test1" end time: Oct 04 21:52 Paris, Madrid (heure d?été)
"test1" time elapsed: 00:00:01
----------------------------------------------------------

2/3 Testing: test2
2/3 Test: test2
Command: "E:/Github/NSI_pancake/C++/DocTest_Exemple/build/test2.exe"
Directory: E:/Github/NSI_pancake/C++/DocTest_Exemple/build
"test2" start time: Oct 04 21:52 Paris, Madrid (heure d?été)
Output:
----------------------------------------------------------
[doctest] doctest version is "1.2.9"
[doctest] run with "--help" for options
===============================================================================
[doctest] test cases:      1 |      1 passed |      0 failed |      0 skipped
[doctest] assertions:      1 |      1 passed |      0 failed |
[doctest] Status: SUCCESS!
<end of output>
Test time =   1.06 sec
----------------------------------------------------------
Test Passed.
"test2" end time: Oct 04 21:52 Paris, Madrid (heure d?été)
"test2" time elapsed: 00:00:01
----------------------------------------------------------

3/3 Testing: test3
3/3 Test: test3
Command: "E:/Github/NSI_pancake/C++/DocTest_Exemple/build/test3.exe"
Directory: E:/Github/NSI_pancake/C++/DocTest_Exemple/build
"test3" start time: Oct 04 21:52 Paris, Madrid (heure d?été)
Output:
----------------------------------------------------------
[doctest] doctest version is "1.2.9"
[doctest] run with "--help" for options
===============================================================================
[doctest] test cases:      1 |      1 passed |      0 failed |      0 skipped
[doctest] assertions:      1 |      1 passed |      0 failed |
[doctest] Status: SUCCESS!
<end of output>
Test time =   2.06 sec
----------------------------------------------------------
Test Passed.
"test3" end time: Oct 04 21:52 Paris, Madrid (heure d?été)
"test3" time elapsed: 00:00:02
----------------------------------------------------------

End testing: Oct 04 21:52 Paris, Madrid (heure d?été)
